0.125937029
0.128940799
0.119911585
0.114227278
0.12213503
0.115268716
0.122735678
0.122093236
0.129354128
0.121806969
0.121404228
0.116638819
0.119110446
0.124543596
0.117181741
0.116820875
0.13001313
0.119498153
0.12283124
0.122556363
0.116326048
0.125556076
0.124375593
0.121979661
0.123856621
0.123141324
0.1248049
0.120341189
0.127135899
0.125135453
0.117998051
0.120867265
0.128795408
0.117113969
0.127618259
0.119275874
0.120196679
0.11857949
0.119989433
0.122502699
0.117969188
0.122333758
0.124335353
0.117275346
0.120234109
0.124288147
0.117469024
0.11661673
0.115689073
0.115735984
0.127061258
0.119560763
0.116773389
0.126805628
0.119507018
0.121205827
0.118839055
0.134302863
0.116035695
0.121899411
