0.116170428
0.121066601
0.124847484
0.11755938
0.126053482
0.120951572
0.125421489
0.122747727
0.120103023
0.116550813
0.122704506
0.121793523
0.126293916
0.119806199
0.127071241
0.124247725
0.119640594
0.123808097
0.12132258
0.118419985
0.120709552
0.126471069
0.118042938
0.115071986
0.118934131
0.124928622
0.128800188
0.117451447
0.120036777
0.119008031
0.115706006
0.11373076
0.104417437
0.126175361
0.127721491
0.13357255
0.120762821
0.117306578
0.129933655
0.116484735
0.124270887
0.115589702
0.116881641
0.112831071
0.118593994
0.119168478
0.115674851
0.12050257
0.12172139
0.125369033
0.127909131
0.118561509
0.1318873
0.121731508
0.125245449
0.123081418
0.118870962
0.121405292
0.121987269
0.118371315
