0.119528257
0.121486864
0.116459892
0.118661316
0.112705428
0.145271822
0.123210084
0.124071756
0.11818577
0.116639909
0.117414815
0.120589179
0.123612477
0.121781754
0.116281139
0.125325885
0.125993677
0.11734045
0.118878808
0.11696514
0.123687804
0.117121939
0.118739752
0.120760374
0.126574648
0.116112267
0.12813283
0.118446432
0.12572763
0.1176917
0.125116216
0.117875712
0.122442115
0.119380469
0.11785132
0.113508205
0.113845749
0.119060552
0.114688998
0.12453083
0.118853132
0.122103042
0.122442146
0.128490897
0.126050481
0.11665688
0.127909535
0.126432359
0.117265354
0.134275684
0.117407
0.124977362
0.119400862
0.123908664
0.119567434
0.116846596
0.121436523
0.115051528
0.128072115
0.13206519
