0.127426816
0.115384543
0.120056603
0.119282054
0.112925195
0.124448581
0.116832337
0.124654088
0.124474408
0.130579012
0.126112247
0.117206899
0.117583489
0.121944773
0.11710284
0.127110946
0.124603323
0.119070916
0.114565173
0.117755296
0.125442621
0.11419449
0.125325884
0.121890141
0.124423439
0.118683172
0.121358624
0.122961902
0.115842656
0.125505034
0.11525678
0.118439359
0.118948739
0.115814195
0.114596478
0.129133798
0.127743679
0.125426362
0.115425295
0.123503178
0.115576828
0.123715183
0.117258283
0.119303155
0.120730908
0.125708729
0.12189443
0.122974549
0.124102558
0.11486626
0.126736974
0.137779535
0.119542998
0.119564424
0.12522724
0.119457446
0.120838847
0.12366781
0.120690646
0.115628475
