0.116145418
0.121248369
0.118896278
0.118933534
0.12557207
0.121435589
0.119949965
0.124453079
0.118395319
0.124612003
0.120918167
0.121014056
0.117390215
0.121049482
0.125733501
0.124542759
0.120633724
0.137348972
0.129765443
0.127572754
0.125696122
0.124844641
0.124532366
0.123756177
0.126398345
0.126923824
0.122114821
0.116925132
0.123129586
0.134595273
0.118594732
0.115363444
0.123834979
0.12488437
0.130827716
0.123174919
0.119854698
0.120229494
0.123074954
0.11515742
0.125043245
0.124781309
0.113309507
0.12343023
0.118623347
0.120800618
0.121986671
0.118014954
0.123899745
0.116098893
0.1252221
0.127506405
0.12018599
0.13149789
0.124448491
0.12651224
0.126016416
0.124222212
0.114764758
0.138817553
