0.120141432
0.127765952
0.123712888
0.125413655
0.128224012
0.119335584
0.11440095
0.123063209
0.123811167
0.125009846
0.122684721
0.119132721
0.120725872
0.123570468
0.125161769
0.118828591
0.124560019
0.122801806
0.126376241
0.121691981
0.12262981
0.125309552
0.1245668
0.11946862
0.121862709
0.125172083
0.125228335
0.124860016
0.12362866
0.125350704
0.119362509
0.118514046
0.124004978
0.119930579
0.116506891
0.116186444
0.120369996
0.118267718
0.118314922
0.125171438
0.119210113
0.11836734
0.118865279
0.120819169
0.125053167
0.123629371
0.127929339
0.128731296
0.120841761
0.116672228
0.117619616
0.123139907
0.118406643
0.115144084
0.119056906
0.123684771
0.115874957
0.11622477
0.151971155
0.126065013
