0.117186094
0.115524789
0.119278275
0.119603199
0.118395133
0.120690203
0.121911179
0.123632279
0.11587262
0.126592416
0.11873968
0.122180575
0.120691833
0.115284663
0.112478659
0.118831823
0.120539708
0.118743926
0.119980628
0.122380105
0.115480054
0.127815766
0.123023535
0.119335576
0.120168174
0.119786014
0.117565162
0.119305053
0.126771413
0.117621405
0.128693544
0.120008654
0.107325507
0.119761498
0.119757188
0.116072818
0.126329191
0.122270005
0.124623409
0.116554251
0.120625999
0.120420782
0.122270779
0.123098409
0.11723902
0.11854267
0.120369039
0.122070569
0.12236277
0.121000023
0.117685842
0.116522337
0.124752912
0.12355617
0.109959821
0.11702679
0.124197961
0.10911598
0.127575001
0.120720962
