0.130621482
0.116573093
0.130182546
0.127488558
0.123216942
0.126573342
0.123304963
0.123201367
0.119553321
0.116025148
0.128546132
0.12640021
0.119050882
0.113603227
0.121541788
0.131048523
0.106579754
0.117217954
0.121565837
0.133451423
0.141324475
0.117467358
0.126439166
0.121664841
0.118759299
0.120718452
0.124867434
0.119706712
0.12057143
0.124693073
0.116395256
0.145080505
0.118405546
0.121470401
0.112512573
0.122222556
0.124271027
0.119557303
0.12303454
0.121328664
0.115891565
0.129596894
0.121297498
0.120834511
0.126444807
0.124224933
0.116385697
0.11937808
0.115433057
0.130377036
0.129983465
0.123554743
0.124532905
0.121073028
0.120715259
0.116607221
0.120284721
0.124510108
0.116736972
0.11639536
