0.121123242
0.121918668
0.127102119
0.117606167
0.120849786
0.123384552
0.116782881
0.124178079
0.12176418
0.119523274
0.119037911
0.118861599
0.124791177
0.118828058
0.122892307
0.129337546
0.119820659
0.126447621
0.121967308
0.126604315
0.123071353
0.121580388
0.121046555
0.124379045
0.107913623
0.129555001
0.11626204
0.114264983
0.121596922
0.109254372
0.114439362
0.124458502
0.123590138
0.115531672
0.118960198
0.1168886
0.121266363
0.117804017
0.120940958
0.119514054
0.113577924
0.117620477
0.12181527
0.122026744
0.122837189
0.124855857
0.131939194
0.117761669
0.122147169
0.120453373
0.119573691
0.133059541
0.120018665
0.123674702
0.113091108
0.121573529
0.124634555
0.121376209
0.108103834
0.119738474
