0.119601446
0.130402782
0.1139242
0.119300099
0.118981096
0.129211269
0.122847762
0.113171186
0.119285688
0.126472089
0.121640721
0.123762926
0.126865351
0.119887669
0.122157907
0.121177684
0.11700689
0.129764803
0.127212646
0.121955762
0.117379591
0.112996723
0.121516488
0.123926956
0.123203037
0.123992262
0.124303903
0.12535743
0.123661482
0.120368378
0.121711156
0.124766429
0.131340492
0.125169107
0.119997107
0.118243775
0.115644294
0.1126246
0.126096886
0.116063813
0.124627991
0.113470344
0.124349011
0.114922017
0.126875344
0.131411418
0.117122213
0.115559247
0.11657157
0.120655225
0.124107294
0.121095534
0.125664063
0.119117622
0.130157115
0.119699779
0.115661466
0.127236059
0.119933984
0.125789313
