0.134820392
0.122035959
0.125597037
0.116199558
0.127971214
0.124999219
0.118626915
0.118903425
0.12388892
0.124957613
0.126554746
0.125530441
0.123583289
0.11755131
0.120774495
0.117588309
0.117002211
0.126155424
0.118848855
0.121755133
0.1190751
0.127284824
0.124158569
0.117061749
0.128074319
0.121546477
0.121110528
0.121784187
0.121236473
0.118831705
0.121157505
0.126297541
0.122890335
0.121978545
0.121474304
0.126895072
0.127708424
0.125848685
0.121263377
0.11936585
0.123996494
0.116821576
0.127262381
0.125044625
0.120329127
0.115477341
0.114026933
0.121265872
0.12547383
0.120909176
0.128080929
0.119430079
0.117572806
0.124730111
0.118465895
0.118819913
0.115131317
0.121562639
0.123431064
0.126879616
