0.127519449
0.12287802
0.127696326
0.123799833
0.121245254
0.119630909
0.125858785
0.13843983
0.119124078
0.117364424
0.113473989
0.116594527
0.11856845
0.132005132
0.120680463
0.115015918
0.124839796
0.122679632
0.118080492
0.115099876
0.118780782
0.116378765
0.124763128
0.128136279
0.140644694
0.114147979
0.115175886
0.117874818
0.125602897
0.13253065
0.119525768
0.126239069
0.119365907
0.119186856
0.118192582
0.124660962
0.120168602
0.124596552
0.116624644
0.11817113
0.11862521
0.125133099
0.120470183
0.12258674
0.119295865
0.12421795
0.124133865
0.123638226
0.114466837
0.120612164
0.121012712
0.126120158
0.129189418
0.128081432
0.118334047
0.123398586
0.11886448
0.118028163
0.136273736
0.11814386
