0.120538488
0.121926977
0.133574096
0.117075195
0.122992461
0.12369285
0.11821291
0.115350372
0.116775604
0.123945279
0.120805228
0.12444006
0.123655779
0.120611349
0.126088506
0.114391655
0.119891779
0.1137981
0.116279204
0.116876143
0.124452666
0.119746634
0.117969414
0.123188863
0.124532028
0.119893159
0.122796099
0.110743253
0.125698263
0.121689334
0.11849318
0.125778205
0.117158745
0.1229157
0.121518901
0.119904055
0.122478043
0.123703439
0.123506964
0.119752813
0.1230315
0.122268667
0.124607639
0.120357343
0.12105756
0.123284357
0.123480638
0.124729711
0.123059247
0.117252927
0.128896113
0.123037809
0.116561148
0.117675351
0.120012566
0.118993142
0.119980195
0.126301223
0.118662191
0.127243628
