0.119286358
0.118547198
0.124622088
0.117619602
0.120290123
0.116489969
0.126278322
0.12255498
0.12008289
0.121375819
0.116307523
0.120721425
0.115377665
0.12154173
0.124318667
0.12618161
0.118648851
0.126190863
0.12818275
0.126654602
0.131542185
0.126545216
0.119822073
0.118433134
0.12398108
0.123234646
0.123713212
0.124036553
0.136442185
0.121117018
0.11554058
0.121573666
0.133251998
0.122248022
0.127851371
0.117870778
0.12292845
0.118995232
0.123598241
0.125656564
0.125760998
0.121093231
0.11526269
0.126646581
0.118138271
0.115428925
0.122863075
0.124094322
0.11970372
0.124210417
0.131133233
0.123260682
0.119787063
0.124429306
0.119322231
0.111916888
0.12580048
0.139890572
0.120000364
0.123903167
