1.12730598
1.387795096
1.291467236
1.2915433969999999
1.293899978
1.493713825
1.293877775
1.2904278869999999
1.37741435
1.38261895
1.390159545
1.39601222
1.382850092
1.396425161
1.391441061
1.399410897
1.295933587
1.367905548
1.309800559
1.287999309
1.39065785
1.274191541
1.3891386510000001
1.289790857
1.281612927
1.308046977
1.284932076
1.299029154
1.283692747
1.379350406
1.388536641
1.393589085
1.289860924
1.385627873
1.290507244
1.395461215
1.299191672
1.2836121569999999
1.2880471199999999
1.295252926
1.270872743
1.299439116
1.272444228
1.390385649
1.302815556
1.292243697
1.289985187
1.284717666
1.284783775
1.289459513
1.299852777
1.283687788
1.370488785
1.297894173
1.290951229
1.293317627
1.18259657
1.289514328
1.2953536159999999
1.376606197
