0.971976058
1.189881993
0.980234444
0.918674154
0.973973223
0.992722277
1.002374371
0.966980206
0.992067166
0.988284385
0.99481878
0.899663903
0.967878157
0.913356764
0.970866286
0.918869569
0.959964443
1.015867953
0.977285721
0.892074585
0.894563841
0.977393947
0.992815927
0.975272646
0.914057313
0.89912736
0.971560121
0.889854917
0.887580412
0.899750892
0.976928928
1.010029867
0.97716019
0.979332548
0.906572645
0.987428119
0.982250423
0.894964984
0.985036142
0.903810072
0.965729292
0.987558119
0.996134452
0.888944905
0.809565987
0.881421367
0.799773407
0.972109533
0.894752556
0.991598219
0.881369723
0.988879294
0.903190817
0.885637474
0.980708386
0.883260678
0.909216396
0.894347641
0.868803731
0.909642254
