0.626848835
0.774528415
0.792926315
0.714225075
0.686940581
0.774334379
0.705684592
0.683203762
0.700100025
0.672247824
0.793437971
0.689089694
0.689366254
0.683205792
0.711570711
0.681126896
0.703819694
0.674814968
0.708181383
0.690340707
0.684593345
0.685606974
0.683688058
0.809269952
0.688430396
0.687968976
0.681867219
0.784296085
0.691355767
0.600905275
0.684494373
0.792560653
0.696440493
0.69295724
0.599850328
0.669838867
0.709489451
0.602592646
0.686552931
0.580587486
0.791259534
0.675704514
0.702675085
0.67580865
0.706253282
0.677178605
0.70822958
0.676170732
0.705304745
0.700387415
0.676293788
0.69938692
0.664478207
0.713396424
0.675902446
0.716787996
0.667781365
0.699336847
0.669410253
0.707534894
