0.474395394
0.50135389
0.49704858
0.58191416
0.495460874
0.47032642
0.593083139
0.515825031
0.394432906
0.469769333
0.575496295
0.600153216
0.502669086
0.496975817
0.473852131
0.578716616
0.515020828
0.490361889
0.492575688
0.500059418
0.472284275
0.503150081
0.48559389
0.487418428
0.49684656
0.568532757
0.518742447
0.478304719
0.578453727
0.493682177
0.51549663
0.485263713
0.497792316
0.46457887
0.511398205
0.478059942
0.503879836
0.481655511
0.494422242
0.490834626
0.486919835
0.485789501
0.499663738
0.573168713
0.500852196
0.481842733
0.50784072
0.486547198
0.570052391
0.51923343
0.458084749
0.515509331
0.568125306
0.516545274
0.563581756
0.512485544
0.500692624
0.489129747
0.490695832
0.387238878
