0.366725998
0.378677798
0.421831789
0.379502005
0.399151704
0.355062231
0.499763906
0.416090955
0.363461468
0.389880435
0.423869496
0.360257623
0.413204204
0.468043777
0.42328812
0.293224285
0.371333207
0.478467967
0.417345363
0.36491528
0.413487191
0.372422419
0.478206825
0.401993314
0.392042707
0.406308392
0.390445641
0.394460797
0.371296363
0.324761842
0.366451938
0.39641461
0.411490254
0.348604103
0.418924182
0.398910071
0.380385365
0.39377563
0.38756113
0.376228978
0.419255802
0.380326207
0.396442457
0.365039799
0.429264148
0.368114675
0.395381219
0.387914641
0.396318649
0.390859301
0.465598311
0.417817633
0.398059711
0.378748167
0.393403351
0.395021362
0.39032536
0.299972624
0.388752415
0.386834733
