0.31682379
0.407288669
0.372440045
0.396407279
0.308206096
0.305479663
0.280231419
0.304785389
0.192217334
0.190643745
0.295741881
0.258758908
0.381280314
0.338420889
0.277507321
0.285559615
0.309482053
0.273376497
0.289258234
0.31333897
0.291388098
0.286211613
0.285724324
0.260947884
0.339107604
0.174464355
0.290325662
0.296094794
0.29435536
0.294153382
0.267147388
0.313279781
0.278359399
0.265120053
0.332152619
0.271887951
0.379622963
0.32827976
0.275892673
0.293859014
0.271797393
0.384732461
0.32299055
0.251693054
0.316321551
0.308840828
0.359520688
0.333410651
0.267156257
0.302757603
0.300492742
0.247587381
0.340242621
0.183748912
0.294667253
0.257303075
0.312071663
0.311054409
0.24821978
0.382654315
