0.251669852
0.182946673
0.193989109
0.263990033
0.315003261
0.21000966
0.183499292
0.184328879
0.183829676
0.27618181
0.289110918
0.300426056
0.286704106
0.287379386
0.304935461
0.272137048
0.299596579
0.279138289
0.231215757
0.189682677
0.255911161
0.310017624
0.203811113
0.197238605
0.19315924
0.180603971
0.280693
0.280132698
0.29526685
0.278381042
0.319485852
0.194066018
0.193736215
0.183394204
0.279683461
0.2781428
0.2866269
0.324309385
0.192593873
0.253679949
0.321671728
0.279829822
0.274906717
0.31683102
0.29619997
0.277995203
0.290933134
0.278991623
0.310758541
0.304166975
0.30400472
0.183171931
0.181837656
0.194861102
0.182082117
0.201992827
0.188453839
0.192193299
0.18881701
0.200905442
