0.182130103
0.193722891
0.173207261
0.20550386
0.17340736
0.209263081
0.17477132
0.226885803
0.173951782
0.201940434
0.160280501
0.218238353
0.181740821
0.175111353
0.286175837
0.230883095
0.173393417
0.178157146
0.222279519
0.182564749
0.199128169
0.173798066
0.213978546
0.181555862
0.17969534
0.202328308
0.166386789
0.217019565
0.164016748
0.219075205
0.180046256
0.21876062
0.1576175
0.220238634
0.175758266
0.173197002
0.209119594
0.164177627
0.229981584
0.182962691
0.17195232
0.205390718
0.210265571
0.183121623
0.174609853
0.208714064
0.162641674
0.230428868
0.169979578
0.210347322
0.171610898
0.185026009
0.216358642
0.180957854
0.177954342
0.200621085
0.205468195
0.173244078
0.198621346
0.187748573
