0.173384606
0.182705665
0.155567903
0.223910598
0.163211763
0.20558184
0.158541883
0.217293543
0.188696682
0.205654952
0.177830809
0.210756378
0.171908587
0.204719161
0.155788503
0.226002556
0.155609304
0.228448777
0.152067625
0.236285189
0.179290843
0.158175681
0.237021617
0.175658627
0.164683391
0.226756863
0.177525443
0.182738725
0.211099446
0.189644222
0.166154101
0.232933289
0.169570463
0.165775817
0.22433174
0.119691983
0.171460361
0.158989952
0.216960677
0.115868136
0.161192059
0.166137017
0.235552853
0.166868842
0.213549988
0.167263289
0.182842169
0.208889488
0.119209935
0.179894782
0.164910015
0.22194821
0.161762556
0.21838592
0.154252247
0.210686784
0.20095681
0.163690298
0.212425691
0.195169721
