0.196513718
0.116596097
0.164057796
0.179823999
0.131246775
0.157875569
0.140686422
0.173646068
0.166154496
0.126277026
0.172705851
0.152814352
0.201672286
0.207337664
0.125522411
0.165302062
0.11395162
0.168895716
0.179881449
0.126786651
0.156613502
0.127953272
0.163872262
0.155927973
0.223337761
0.121560881
0.168770626
0.115897494
0.169096111
0.162503409
0.216586365
0.164654736
0.136333096
0.164821953
0.123026359
0.176894262
0.165678964
0.118322105
0.160140626
0.174824727
0.22797378
0.117691446
0.163647575
0.121190506
0.165214251
0.172596718
0.202456534
0.125506454
0.164405995
0.128679375
0.181403179
0.167868087
0.115360819
0.165687144
0.119971294
0.165302533
0.167726534
0.177211099
0.224207709
0.122873128
