0.132820271
0.161962779
0.126157814
0.157901974
0.116862797
0.161452084
0.132517208
0.165345273
0.11959819
0.168066653
0.126314202
0.168198971
0.169621141
0.120691967
0.153634911
0.122570824
0.165613965
0.123150088
0.161013628
0.117556648
0.122620959
0.155105058
0.11984529
0.167397671
0.164861258
0.181546944
0.191422841
0.147107776
0.162429001
0.113656082
0.148852944
0.130474795
0.159365282
0.138772676
0.181011373
0.148252985
0.198811152
0.118412095
0.118497576
0.167660876
0.164132462
0.142593258
0.1579784
0.119198289
0.157674621
0.125761562
0.160060591
0.114850504
0.152535926
0.130681582
0.146382067
0.194331569
0.133456128
0.171223788
0.114917582
0.167982663
0.124644318
0.150542139
0.116238187
0.165028106
