0.155101683
0.14184533
0.126427193
0.140856598
0.12206489
0.118729029
0.157915487
0.124892115
0.156787566
0.118157237
0.165907433
0.117553544
0.153801617
0.122904911
0.157320515
0.127479753
0.139349744
0.156019897
0.160573108
0.117432147
0.144728554
0.123648368
0.112393448
0.152310506
0.121785113
0.156371406
0.11863334
0.142569825
0.148673507
0.154492306
0.123508819
0.115415512
0.144745005
0.120935005
0.143609508
0.130737092
0.12031016
0.154710994
0.1230059
0.1589961
0.127582423
0.16995477
0.127553939
0.163822311
0.143570248
0.130959815
0.121115977
0.168049389
0.153125641
0.155914658
0.150592022
0.12553123
0.147859815
0.119785634
0.116342155
0.155921825
0.118675934
0.15487124
0.124009559
0.143498143
