0.147765442
0.132231991
0.139815161
0.155487108
0.137126389
0.148165947
0.153392191
0.122742852
0.117748618
0.151858009
0.124076993
0.150811748
0.128290535
0.138145523
0.11637679
0.128711893
0.142598405
0.155307536
0.153792237
0.123183813
0.149125555
0.122924361
0.139187505
0.154113402
0.155238852
0.12719618
0.130607287
0.156575692
0.160372231
0.124042079
0.147924862
0.125633896
0.133423794
0.128271996
0.114477508
0.133592788
0.148305025
0.135086214
0.157561219
0.127711203
0.157657622
0.153739548
0.124532627
0.164686306
0.11850236
0.133466199
0.151038589
0.155541718
0.115194003
0.146575218
0.145572232
0.133536623
0.149752903
0.120357687
0.149603146
0.154375036
0.118535645
0.123285762
0.15270956
0.108626239
