0.152210924
0.116949755
0.11850287
0.144235988
0.120631219
0.134211714
0.138197851
0.122347269
0.129405984
0.120426504
0.163034641
0.13089844
0.117729326
0.146733854
0.119154978
0.136831022
0.123274776
0.120527992
0.135068163
0.120504187
0.115808474
0.142688596
0.117314599
0.126351344
0.163313811
0.124003624
0.148738124
0.118884719
0.147932655
0.11889499
0.11455373
0.136005295
0.117535922
0.123785953
0.135297105
0.124815148
0.117831649
0.151694045
0.117294092
0.135868339
0.126141554
0.126503512
0.148089817
0.128363485
0.12737359
0.141571463
0.125598529
0.147535233
0.11362918
0.147385858
0.12075167
0.116914715
0.141785847
0.124347011
0.12331964
0.1431649
0.116642833
0.140518483
0.127576879
0.126483464
