0.123947058
0.11548611
0.116522732
0.129814169
0.116367251
0.118023954
0.117798359
0.149067503
0.116641241
0.126128813
0.140159184
0.124595468
0.123371962
0.119917714
0.128057855
0.14332242
0.127580011
0.123954404
0.126665929
0.118248025
0.115622959
0.124971397
0.122450067
0.125672745
0.119767755
0.131875677
0.130318699
0.138981914
0.123190748
0.138395229
0.12676946
0.123017435
0.131276772
0.12253595
0.120616209
0.123580039
0.124185421
0.123937784
0.128665721
0.1263972
0.119152768
0.12901214
0.115902824
0.127801771
0.125433105
0.128549024
0.116770676
0.124725924
0.145113465
0.1167415
0.127677287
0.118573452
0.118457758
0.117352285
0.153240589
0.122361181
0.131821245
0.126490068
0.12726486
0.130702801
