0.123333391
0.115056346
0.123521297
0.12527148
0.124279472
0.12011089
0.115913295
0.122398204
0.118494475
0.122139481
0.120428473
0.114660867
0.125825289
0.120362889
0.126126972
0.126543382
0.125317537
0.122994724
0.124482123
0.124355112
0.124385139
0.119649002
0.128431845
0.118980097
0.121215648
0.121735599
0.1269994
0.119637559
0.117302866
0.125462819
0.124859535
0.123265497
0.118950594
0.123068456
0.129726068
0.112862616
0.120739478
0.119804025
0.121314886
0.117259543
0.116406372
0.126365379
0.120507208
0.116030176
0.12558956
0.117371508
0.125082018
0.119427441
0.131791343
0.119974908
0.120095859
0.118879102
0.11778093
0.117377195
0.124594516
0.122927048
0.117931867
0.117935712
0.116247502
0.124991992
